<?xml version="1.0" encoding="UTF-8"?>
<!-- Generated by org.testng.reporters.JUnitReportReporter -->
<testsuite hostname="INT002520" name="com.intelligrated.download.SimpleDownloadApplicationTest" tests="1" failures="0" timestamp="2 Dec 2015 23:37:34 GMT" time="0.420" errors="0">
  <testcase name="getAllEntries" time="0.420" classname="com.intelligrated.download.SimpleDownloadApplicationTest"/>
</testsuite> <!-- com.intelligrated.download.SimpleDownloadApplicationTest -->
